<testsuite failures="0" name="src/test/java/tests/karateDemo.feature" skipped="0" tests="1" time="1.012297">
  <testcase classname="src.test.java.tests.karateDemo" name="Post user information" time="1.012297">
    <system-out>* url 'https://reqres.in/' ................................................ passed
Given path 'api/users' .................................................... passed
* def data = .............................................................. passed
Then request data ......................................................... passed
When method POST .......................................................... passed
Then status 201 ........................................................... passed
And print response ........................................................ passed
And match $ contains {first_name:'Mars'} .................................. passed
* match  $.first_name == 'Mars' ........................................... passed
* match $ contains {id: #notnull} ......................................... passed</system-out>
  </testcase>
</testsuite>
