<?xml version="1.0" encoding="UTF-8"?>
<testng-results ignored="0" total="0" passed="0" failed="0" skipped="0">
  <reporter-output>
  </reporter-output>
  <suite started-at="2022-11-10T16:41:45 TRT" name="tests.TestRunner" finished-at="2022-11-10T16:41:45 TRT" duration-ms="4">
    <groups>
    </groups>
    <test started-at="2022-11-10T16:41:45 TRT" name="Command line test" finished-at="2022-11-10T16:41:45 TRT" duration-ms="4">
    </test> <!-- Command line test -->
  </suite> <!-- tests.TestRunner -->
</testng-results>
